<?xml version="1.0" encoding="UTF-8"?>
<!-- Generated by org.testng.reporters.JUnitReportReporter -->
<testsuite hostname="LAPTOP-NFBRE8C1" failures="0" tests="2" name="Selenium_Automation.Automation_0118.BaseTest" time="4.415" errors="0" timestamp="2024-01-20T22:30:49 GMT-06:00" skipped="0">
  <testcase classname="Selenium_Automation.Automation_0118.BaseTest" name="contactUsTest" time="2.479"/>
  <system-out/>
  <testcase classname="Selenium_Automation.Automation_0118.BaseTest" name="industryTest" time="1.936"/>
  <system-out/>
</testsuite> <!-- Selenium_Automation.Automation_0118.BaseTest -->
